<?xml version="1.0" encoding="UTF-8"?>
<!-- Generated by org.testng.reporters.JUnitReportReporter -->
<testsuite hostname="LAPTOP-B946T939" failures="0" tests="2" name="qaclickacademy.Mavenjava.AppiumTest" time="0.009" errors="0" timestamp="2021-07-15T18:44:27 IST" skipped="0">
  <testcase classname="qaclickacademy.Mavenjava.AppiumTest" name="test7" time="0.008"/>
  <system-out/>
  <testcase classname="qaclickacademy.Mavenjava.AppiumTest" name="test8" time="0.001"/>
  <system-out/>
</testsuite> <!-- qaclickacademy.Mavenjava.AppiumTest -->
