<?xml version="1.0" encoding="UTF-8"?>
<!-- Generated by org.testng.reporters.JUnitReportReporter -->
<testsuite skipped="0" hostname="LAPTOP-B946T939" name="qaclickacademy.Mavenjava.RestAPITest" tests="2" failures="0" timestamp="2021-07-29T23:42:10 IST" time="0.003" errors="0">
  <testcase name="test5" time="0.003" classname="qaclickacademy.Mavenjava.RestAPITest"/>
  <system-out/>
  <testcase name="test6" time="0.000" classname="qaclickacademy.Mavenjava.RestAPITest"/>
  <system-out/>
</testsuite> <!-- qaclickacademy.Mavenjava.RestAPITest -->
